 GRIB_filelist: Checking directory


 ----------------------------------------------------------------------
  Converting binary Grib file to ASCII Grib file
 ----------------------------------------------------------------------


gribin   : Open ./GAMRAMS20151128002015112800P.icn.TQ0126L028.grb
gribin   : EOF encountered in ./GAMRAMS20151128002015112800P.icn.TQ0126L028.grb
readgrib : NORMAL EXIT
 File:            1
 ano=        2015  mes=          11  dia=          28  hora=           0
 ano=        2015  mes=          11  dia=          28  hora=           0




 **********************************************************************
  Access coarse resolution pressure data GAMRAMS
 **********************************************************************




 GRIB Variable Code
    02   =  Pressure reduced to MSL 
    33   =  u component of wind 
    34   =  v component of wind 
    07   =  Geopotential height 
    11   =  Temperature 
    52   =  Relative Humidity 


 ano1=        2015  mes1=          11  dia1=          28  hora1=           0
 Read CPTEC GRIB field     0   2 at 11/28/2015     0 GMT
 ano1=        2015  mes1=          11  dia1=          28  hora1=           0
 Read CPTEC GRIB field  1000  33 at 11/28/2015     0 GMT
 ano1=        2015  mes1=          11  dia1=          28  hora1=           0
 Read CPTEC GRIB field   925  33 at 11/28/2015     0 GMT
 ano1=        2015  mes1=          11  dia1=          28  hora1=           0
 Read CPTEC GRIB field   850  33 at 11/28/2015     0 GMT
 ano1=        2015  mes1=          11  dia1=          28  hora1=           0
 Read CPTEC GRIB field   700  33 at 11/28/2015     0 GMT
 ano1=        2015  mes1=          11  dia1=          28  hora1=           0
 Read CPTEC GRIB field   500  33 at 11/28/2015     0 GMT
 ano1=        2015  mes1=          11  dia1=          28  hora1=           0
 Read CPTEC GRIB field   400  33 at 11/28/2015     0 GMT
 ano1=        2015  mes1=          11  dia1=          28  hora1=           0
 Read CPTEC GRIB field   300  33 at 11/28/2015     0 GMT
 ano1=        2015  mes1=          11  dia1=          28  hora1=           0
 Read CPTEC GRIB field   250  33 at 11/28/2015     0 GMT
 ano1=        2015  mes1=          11  dia1=          28  hora1=           0
 Read CPTEC GRIB field   200  33 at 11/28/2015     0 GMT
 ano1=        2015  mes1=          11  dia1=          28  hora1=           0
 Read CPTEC GRIB field   150  33 at 11/28/2015     0 GMT
 ano1=        2015  mes1=          11  dia1=          28  hora1=           0
 Read CPTEC GRIB field   100  33 at 11/28/2015     0 GMT
 ano1=        2015  mes1=          11  dia1=          28  hora1=           0
 Read CPTEC GRIB field    70  33 at 11/28/2015     0 GMT
 ano1=        2015  mes1=          11  dia1=          28  hora1=           0
 Read CPTEC GRIB field    50  33 at 11/28/2015     0 GMT
 ano1=        2015  mes1=          11  dia1=          28  hora1=           0
 Read CPTEC GRIB field    30  33 at 11/28/2015     0 GMT
 ano1=        2015  mes1=          11  dia1=          28  hora1=           0
 Read CPTEC GRIB field  1000  34 at 11/28/2015     0 GMT
 ano1=        2015  mes1=          11  dia1=          28  hora1=           0
 Read CPTEC GRIB field   925  34 at 11/28/2015     0 GMT
 ano1=        2015  mes1=          11  dia1=          28  hora1=           0
 Read CPTEC GRIB field   850  34 at 11/28/2015     0 GMT
 ano1=        2015  mes1=          11  dia1=          28  hora1=           0
 Read CPTEC GRIB field   700  34 at 11/28/2015     0 GMT
 ano1=        2015  mes1=          11  dia1=          28  hora1=           0
 Read CPTEC GRIB field   500  34 at 11/28/2015     0 GMT
 ano1=        2015  mes1=          11  dia1=          28  hora1=           0
 Read CPTEC GRIB field   400  34 at 11/28/2015     0 GMT
 ano1=        2015  mes1=          11  dia1=          28  hora1=           0
 Read CPTEC GRIB field   300  34 at 11/28/2015     0 GMT
 ano1=        2015  mes1=          11  dia1=          28  hora1=           0
 Read CPTEC GRIB field   250  34 at 11/28/2015     0 GMT
 ano1=        2015  mes1=          11  dia1=          28  hora1=           0
 Read CPTEC GRIB field   200  34 at 11/28/2015     0 GMT
 ano1=        2015  mes1=          11  dia1=          28  hora1=           0
 Read CPTEC GRIB field   150  34 at 11/28/2015     0 GMT
 ano1=        2015  mes1=          11  dia1=          28  hora1=           0
 Read CPTEC GRIB field   100  34 at 11/28/2015     0 GMT
 ano1=        2015  mes1=          11  dia1=          28  hora1=           0
 Read CPTEC GRIB field    70  34 at 11/28/2015     0 GMT
 ano1=        2015  mes1=          11  dia1=          28  hora1=           0
 Read CPTEC GRIB field    50  34 at 11/28/2015     0 GMT
 ano1=        2015  mes1=          11  dia1=          28  hora1=           0
 Read CPTEC GRIB field    30  34 at 11/28/2015     0 GMT
 ano1=        2015  mes1=          11  dia1=          28  hora1=           0
 Read CPTEC GRIB field  1000   7 at 11/28/2015     0 GMT
 ano1=        2015  mes1=          11  dia1=          28  hora1=           0
 Read CPTEC GRIB field   925   7 at 11/28/2015     0 GMT
 ano1=        2015  mes1=          11  dia1=          28  hora1=           0
 Read CPTEC GRIB field   850   7 at 11/28/2015     0 GMT
 ano1=        2015  mes1=          11  dia1=          28  hora1=           0
 Read CPTEC GRIB field   700   7 at 11/28/2015     0 GMT
 ano1=        2015  mes1=          11  dia1=          28  hora1=           0
 Read CPTEC GRIB field   500   7 at 11/28/2015     0 GMT
 ano1=        2015  mes1=          11  dia1=          28  hora1=           0
 Read CPTEC GRIB field   400   7 at 11/28/2015     0 GMT
 ano1=        2015  mes1=          11  dia1=          28  hora1=           0
 Read CPTEC GRIB field   300   7 at 11/28/2015     0 GMT
 ano1=        2015  mes1=          11  dia1=          28  hora1=           0
 Read CPTEC GRIB field   250   7 at 11/28/2015     0 GMT
 ano1=        2015  mes1=          11  dia1=          28  hora1=           0
 Read CPTEC GRIB field   200   7 at 11/28/2015     0 GMT
 ano1=        2015  mes1=          11  dia1=          28  hora1=           0
 Read CPTEC GRIB field   150   7 at 11/28/2015     0 GMT
 ano1=        2015  mes1=          11  dia1=          28  hora1=           0
 Read CPTEC GRIB field   100   7 at 11/28/2015     0 GMT
 ano1=        2015  mes1=          11  dia1=          28  hora1=           0
 Read CPTEC GRIB field    70   7 at 11/28/2015     0 GMT
 ano1=        2015  mes1=          11  dia1=          28  hora1=           0
 Read CPTEC GRIB field    50   7 at 11/28/2015     0 GMT
 ano1=        2015  mes1=          11  dia1=          28  hora1=           0
 Read CPTEC GRIB field    30   7 at 11/28/2015     0 GMT
 ano1=        2015  mes1=          11  dia1=          28  hora1=           0
 Read CPTEC GRIB field  1000  11 at 11/28/2015     0 GMT
 ano1=        2015  mes1=          11  dia1=          28  hora1=           0
 Read CPTEC GRIB field   925  11 at 11/28/2015     0 GMT
 ano1=        2015  mes1=          11  dia1=          28  hora1=           0
 Read CPTEC GRIB field   850  11 at 11/28/2015     0 GMT
 ano1=        2015  mes1=          11  dia1=          28  hora1=           0
 Read CPTEC GRIB field   700  11 at 11/28/2015     0 GMT
 ano1=        2015  mes1=          11  dia1=          28  hora1=           0
 Read CPTEC GRIB field   500  11 at 11/28/2015     0 GMT
 ano1=        2015  mes1=          11  dia1=          28  hora1=           0
 Read CPTEC GRIB field   400  11 at 11/28/2015     0 GMT
 ano1=        2015  mes1=          11  dia1=          28  hora1=           0
 Read CPTEC GRIB field   300  11 at 11/28/2015     0 GMT
 ano1=        2015  mes1=          11  dia1=          28  hora1=           0
 Read CPTEC GRIB field   250  11 at 11/28/2015     0 GMT
 ano1=        2015  mes1=          11  dia1=          28  hora1=           0
 Read CPTEC GRIB field   200  11 at 11/28/2015     0 GMT
 ano1=        2015  mes1=          11  dia1=          28  hora1=           0
 Read CPTEC GRIB field   150  11 at 11/28/2015     0 GMT
 ano1=        2015  mes1=          11  dia1=          28  hora1=           0
 Read CPTEC GRIB field   100  11 at 11/28/2015     0 GMT
 ano1=        2015  mes1=          11  dia1=          28  hora1=           0
 Read CPTEC GRIB field    70  11 at 11/28/2015     0 GMT
 ano1=        2015  mes1=          11  dia1=          28  hora1=           0
 Read CPTEC GRIB field    50  11 at 11/28/2015     0 GMT
 ano1=        2015  mes1=          11  dia1=          28  hora1=           0
 Read CPTEC GRIB field    30  11 at 11/28/2015     0 GMT
 ano1=        2015  mes1=          11  dia1=          28  hora1=           0
 Read CPTEC GRIB field  1000  52 at 11/28/2015     0 GMT
 ano1=        2015  mes1=          11  dia1=          28  hora1=           0
 Read CPTEC GRIB field   925  52 at 11/28/2015     0 GMT
 ano1=        2015  mes1=          11  dia1=          28  hora1=           0
 Read CPTEC GRIB field   850  52 at 11/28/2015     0 GMT
 ano1=        2015  mes1=          11  dia1=          28  hora1=           0
 Read CPTEC GRIB field   700  52 at 11/28/2015     0 GMT
 ano1=        2015  mes1=          11  dia1=          28  hora1=           0
 Read CPTEC GRIB field   500  52 at 11/28/2015     0 GMT
 ano1=        2015  mes1=          11  dia1=          28  hora1=           0
 Read CPTEC GRIB field   400  52 at 11/28/2015     0 GMT
 ano1=        2015  mes1=          11  dia1=          28  hora1=           0
 Read CPTEC GRIB field   300  52 at 11/28/2015     0 GMT
 ano1=        2015  mes1=          11  dia1=          28  hora1=           0
 Read CPTEC GRIB field   250  52 at 11/28/2015     0 GMT
 ano1=        2015  mes1=          11  dia1=          28  hora1=           0
 Read CPTEC GRIB field   200  52 at 11/28/2015     0 GMT
 ano1=        2015  mes1=          11  dia1=          28  hora1=           0
 Read CPTEC GRIB field   150  52 at 11/28/2015     0 GMT
 ano1=        2015  mes1=          11  dia1=          28  hora1=           0
 Read CPTEC GRIB field   100  52 at 11/28/2015     0 GMT
 ano1=        2015  mes1=          11  dia1=          28  hora1=           0
 Read CPTEC GRIB field    70  52 at 11/28/2015     0 GMT
 ano1=        2015  mes1=          11  dia1=          28  hora1=           0
 Read CPTEC GRIB field    50  52 at 11/28/2015     0 GMT
 ano1=        2015  mes1=          11  dia1=          28  hora1=           0
 Read CPTEC GRIB field    30  52 at 11/28/2015     0 GMT


Writing pressure file on unit 11 .
  Filename - dp2015-11-28-0000                       
 ELON=    80.6250000    
 TNLAT=    39.1535034    




   *****  Pressure file written *************

        Date (year,month,day,hour)  -        2015         11         28          0
        Lon-lat bounds              - -120.000  80.625 -89.284  39.154
        Grid spacing (degrees)      -    0.938   0.938
        Number of X,Y points        -   215  138
        Number of pressure levels   -    14
        Pressure levels  (mb)       - 
                                 1000  925  850  700  500  400  300  250  200  150  100   70   50   30


 ----------------------------------------------------------------------
  Converting binary Grib file to ASCII Grib file
 ----------------------------------------------------------------------


gribin   : Open ./GAMRAMS20151128002015112806P.fct.TQ0126L028.grb
gribin   : EOF encountered in ./GAMRAMS20151128002015112806P.fct.TQ0126L028.grb
readgrib : NORMAL EXIT
 File:            2
 ano=        2015  mes=          11  dia=          28  hora=           6
 ano=        2015  mes=          11  dia=          28  hora=           6




 **********************************************************************
  Access coarse resolution pressure data GAMRAMS
 **********************************************************************




 GRIB Variable Code
    02   =  Pressure reduced to MSL 
    33   =  u component of wind 
    34   =  v component of wind 
    07   =  Geopotential height 
    11   =  Temperature 
    52   =  Relative Humidity 


 ano1=        2015  mes1=          11  dia1=          28  hora1=           6
 Read CPTEC GRIB field     0   2 at 11/28/2015     6 GMT
 ano1=        2015  mes1=          11  dia1=          28  hora1=           6
 Read CPTEC GRIB field  1000  33 at 11/28/2015     6 GMT
 ano1=        2015  mes1=          11  dia1=          28  hora1=           6
 Read CPTEC GRIB field   925  33 at 11/28/2015     6 GMT
 ano1=        2015  mes1=          11  dia1=          28  hora1=           6
 Read CPTEC GRIB field   850  33 at 11/28/2015     6 GMT
 ano1=        2015  mes1=          11  dia1=          28  hora1=           6
 Read CPTEC GRIB field   700  33 at 11/28/2015     6 GMT
 ano1=        2015  mes1=          11  dia1=          28  hora1=           6
 Read CPTEC GRIB field   500  33 at 11/28/2015     6 GMT
 ano1=        2015  mes1=          11  dia1=          28  hora1=           6
 Read CPTEC GRIB field   400  33 at 11/28/2015     6 GMT
 ano1=        2015  mes1=          11  dia1=          28  hora1=           6
 Read CPTEC GRIB field   300  33 at 11/28/2015     6 GMT
 ano1=        2015  mes1=          11  dia1=          28  hora1=           6
 Read CPTEC GRIB field   250  33 at 11/28/2015     6 GMT
 ano1=        2015  mes1=          11  dia1=          28  hora1=           6
 Read CPTEC GRIB field   200  33 at 11/28/2015     6 GMT
 ano1=        2015  mes1=          11  dia1=          28  hora1=           6
 Read CPTEC GRIB field   150  33 at 11/28/2015     6 GMT
 ano1=        2015  mes1=          11  dia1=          28  hora1=           6
 Read CPTEC GRIB field   100  33 at 11/28/2015     6 GMT
 ano1=        2015  mes1=          11  dia1=          28  hora1=           6
 Read CPTEC GRIB field    70  33 at 11/28/2015     6 GMT
 ano1=        2015  mes1=          11  dia1=          28  hora1=           6
 Read CPTEC GRIB field    50  33 at 11/28/2015     6 GMT
 ano1=        2015  mes1=          11  dia1=          28  hora1=           6
 Read CPTEC GRIB field    30  33 at 11/28/2015     6 GMT
 ano1=        2015  mes1=          11  dia1=          28  hora1=           6
 Read CPTEC GRIB field  1000  34 at 11/28/2015     6 GMT
 ano1=        2015  mes1=          11  dia1=          28  hora1=           6
 Read CPTEC GRIB field   925  34 at 11/28/2015     6 GMT
 ano1=        2015  mes1=          11  dia1=          28  hora1=           6
 Read CPTEC GRIB field   850  34 at 11/28/2015     6 GMT
 ano1=        2015  mes1=          11  dia1=          28  hora1=           6
 Read CPTEC GRIB field   700  34 at 11/28/2015     6 GMT
 ano1=        2015  mes1=          11  dia1=          28  hora1=           6
 Read CPTEC GRIB field   500  34 at 11/28/2015     6 GMT
 ano1=        2015  mes1=          11  dia1=          28  hora1=           6
 Read CPTEC GRIB field   400  34 at 11/28/2015     6 GMT
 ano1=        2015  mes1=          11  dia1=          28  hora1=           6
 Read CPTEC GRIB field   300  34 at 11/28/2015     6 GMT
 ano1=        2015  mes1=          11  dia1=          28  hora1=           6
 Read CPTEC GRIB field   250  34 at 11/28/2015     6 GMT
 ano1=        2015  mes1=          11  dia1=          28  hora1=           6
 Read CPTEC GRIB field   200  34 at 11/28/2015     6 GMT
 ano1=        2015  mes1=          11  dia1=          28  hora1=           6
 Read CPTEC GRIB field   150  34 at 11/28/2015     6 GMT
 ano1=        2015  mes1=          11  dia1=          28  hora1=           6
 Read CPTEC GRIB field   100  34 at 11/28/2015     6 GMT
 ano1=        2015  mes1=          11  dia1=          28  hora1=           6
 Read CPTEC GRIB field    70  34 at 11/28/2015     6 GMT
 ano1=        2015  mes1=          11  dia1=          28  hora1=           6
 Read CPTEC GRIB field    50  34 at 11/28/2015     6 GMT
 ano1=        2015  mes1=          11  dia1=          28  hora1=           6
 Read CPTEC GRIB field    30  34 at 11/28/2015     6 GMT
 ano1=        2015  mes1=          11  dia1=          28  hora1=           6
 Read CPTEC GRIB field  1000   7 at 11/28/2015     6 GMT
 ano1=        2015  mes1=          11  dia1=          28  hora1=           6
 Read CPTEC GRIB field   925   7 at 11/28/2015     6 GMT
 ano1=        2015  mes1=          11  dia1=          28  hora1=           6
 Read CPTEC GRIB field   850   7 at 11/28/2015     6 GMT
 ano1=        2015  mes1=          11  dia1=          28  hora1=           6
 Read CPTEC GRIB field   700   7 at 11/28/2015     6 GMT
 ano1=        2015  mes1=          11  dia1=          28  hora1=           6
 Read CPTEC GRIB field   500   7 at 11/28/2015     6 GMT
 ano1=        2015  mes1=          11  dia1=          28  hora1=           6
 Read CPTEC GRIB field   400   7 at 11/28/2015     6 GMT
 ano1=        2015  mes1=          11  dia1=          28  hora1=           6
 Read CPTEC GRIB field   300   7 at 11/28/2015     6 GMT
 ano1=        2015  mes1=          11  dia1=          28  hora1=           6
 Read CPTEC GRIB field   250   7 at 11/28/2015     6 GMT
 ano1=        2015  mes1=          11  dia1=          28  hora1=           6
 Read CPTEC GRIB field   200   7 at 11/28/2015     6 GMT
 ano1=        2015  mes1=          11  dia1=          28  hora1=           6
 Read CPTEC GRIB field   150   7 at 11/28/2015     6 GMT
 ano1=        2015  mes1=          11  dia1=          28  hora1=           6
 Read CPTEC GRIB field   100   7 at 11/28/2015     6 GMT
 ano1=        2015  mes1=          11  dia1=          28  hora1=           6
 Read CPTEC GRIB field    70   7 at 11/28/2015     6 GMT
 ano1=        2015  mes1=          11  dia1=          28  hora1=           6
 Read CPTEC GRIB field    50   7 at 11/28/2015     6 GMT
 ano1=        2015  mes1=          11  dia1=          28  hora1=           6
 Read CPTEC GRIB field    30   7 at 11/28/2015     6 GMT
 ano1=        2015  mes1=          11  dia1=          28  hora1=           6
 Read CPTEC GRIB field  1000  11 at 11/28/2015     6 GMT
 ano1=        2015  mes1=          11  dia1=          28  hora1=           6
 Read CPTEC GRIB field   925  11 at 11/28/2015     6 GMT
 ano1=        2015  mes1=          11  dia1=          28  hora1=           6
 Read CPTEC GRIB field   850  11 at 11/28/2015     6 GMT
 ano1=        2015  mes1=          11  dia1=          28  hora1=           6
 Read CPTEC GRIB field   700  11 at 11/28/2015     6 GMT
 ano1=        2015  mes1=          11  dia1=          28  hora1=           6
 Read CPTEC GRIB field   500  11 at 11/28/2015     6 GMT
 ano1=        2015  mes1=          11  dia1=          28  hora1=           6
 Read CPTEC GRIB field   400  11 at 11/28/2015     6 GMT
 ano1=        2015  mes1=          11  dia1=          28  hora1=           6
 Read CPTEC GRIB field   300  11 at 11/28/2015     6 GMT
 ano1=        2015  mes1=          11  dia1=          28  hora1=           6
 Read CPTEC GRIB field   250  11 at 11/28/2015     6 GMT
 ano1=        2015  mes1=          11  dia1=          28  hora1=           6
 Read CPTEC GRIB field   200  11 at 11/28/2015     6 GMT
 ano1=        2015  mes1=          11  dia1=          28  hora1=           6
 Read CPTEC GRIB field   150  11 at 11/28/2015     6 GMT
 ano1=        2015  mes1=          11  dia1=          28  hora1=           6
 Read CPTEC GRIB field   100  11 at 11/28/2015     6 GMT
 ano1=        2015  mes1=          11  dia1=          28  hora1=           6
 Read CPTEC GRIB field    70  11 at 11/28/2015     6 GMT
 ano1=        2015  mes1=          11  dia1=          28  hora1=           6
 Read CPTEC GRIB field    50  11 at 11/28/2015     6 GMT
 ano1=        2015  mes1=          11  dia1=          28  hora1=           6
 Read CPTEC GRIB field    30  11 at 11/28/2015     6 GMT
 ano1=        2015  mes1=          11  dia1=          28  hora1=           6
 Read CPTEC GRIB field  1000  52 at 11/28/2015     6 GMT
 ano1=        2015  mes1=          11  dia1=          28  hora1=           6
 Read CPTEC GRIB field   925  52 at 11/28/2015     6 GMT
 ano1=        2015  mes1=          11  dia1=          28  hora1=           6
 Read CPTEC GRIB field   850  52 at 11/28/2015     6 GMT
 ano1=        2015  mes1=          11  dia1=          28  hora1=           6
 Read CPTEC GRIB field   700  52 at 11/28/2015     6 GMT
 ano1=        2015  mes1=          11  dia1=          28  hora1=           6
 Read CPTEC GRIB field   500  52 at 11/28/2015     6 GMT
 ano1=        2015  mes1=          11  dia1=          28  hora1=           6
 Read CPTEC GRIB field   400  52 at 11/28/2015     6 GMT
 ano1=        2015  mes1=          11  dia1=          28  hora1=           6
 Read CPTEC GRIB field   300  52 at 11/28/2015     6 GMT
 ano1=        2015  mes1=          11  dia1=          28  hora1=           6
 Read CPTEC GRIB field   250  52 at 11/28/2015     6 GMT
 ano1=        2015  mes1=          11  dia1=          28  hora1=           6
 Read CPTEC GRIB field   200  52 at 11/28/2015     6 GMT
 ano1=        2015  mes1=          11  dia1=          28  hora1=           6
 Read CPTEC GRIB field   150  52 at 11/28/2015     6 GMT
 ano1=        2015  mes1=          11  dia1=          28  hora1=           6
 Read CPTEC GRIB field   100  52 at 11/28/2015     6 GMT
 ano1=        2015  mes1=          11  dia1=          28  hora1=           6
 Read CPTEC GRIB field    70  52 at 11/28/2015     6 GMT
 ano1=        2015  mes1=          11  dia1=          28  hora1=           6
 Read CPTEC GRIB field    50  52 at 11/28/2015     6 GMT
 ano1=        2015  mes1=          11  dia1=          28  hora1=           6
 Read CPTEC GRIB field    30  52 at 11/28/2015     6 GMT


Writing pressure file on unit 11 .
  Filename - dp2015-11-28-0600                       
 ELON=    80.6250000    
 TNLAT=    39.1535034    




   *****  Pressure file written *************

        Date (year,month,day,hour)  -        2015         11         28          6
        Lon-lat bounds              - -120.000  80.625 -89.284  39.154
        Grid spacing (degrees)      -    0.938   0.938
        Number of X,Y points        -   215  138
        Number of pressure levels   -    14
        Pressure levels  (mb)       - 
                                 1000  925  850  700  500  400  300  250  200  150  100   70   50   30


 ----------------------------------------------------------------------
  Converting binary Grib file to ASCII Grib file
 ----------------------------------------------------------------------


gribin   : Open ./GAMRAMS20151128002015112812P.fct.TQ0126L028.grb
gribin   : EOF encountered in ./GAMRAMS20151128002015112812P.fct.TQ0126L028.grb
readgrib : NORMAL EXIT
 File:            3
 ano=        2015  mes=          11  dia=          28  hora=          12
 ano=        2015  mes=          11  dia=          28  hora=          12




 **********************************************************************
  Access coarse resolution pressure data GAMRAMS
 **********************************************************************




 GRIB Variable Code
    02   =  Pressure reduced to MSL 
    33   =  u component of wind 
    34   =  v component of wind 
    07   =  Geopotential height 
    11   =  Temperature 
    52   =  Relative Humidity 


 ano1=        2015  mes1=          11  dia1=          28  hora1=          12
 Read CPTEC GRIB field     0   2 at 11/28/2015    12 GMT
 ano1=        2015  mes1=          11  dia1=          28  hora1=          12
 Read CPTEC GRIB field  1000  33 at 11/28/2015    12 GMT
 ano1=        2015  mes1=          11  dia1=          28  hora1=          12
 Read CPTEC GRIB field   925  33 at 11/28/2015    12 GMT
 ano1=        2015  mes1=          11  dia1=          28  hora1=          12
 Read CPTEC GRIB field   850  33 at 11/28/2015    12 GMT
 ano1=        2015  mes1=          11  dia1=          28  hora1=          12
 Read CPTEC GRIB field   700  33 at 11/28/2015    12 GMT
 ano1=        2015  mes1=          11  dia1=          28  hora1=          12
 Read CPTEC GRIB field   500  33 at 11/28/2015    12 GMT
 ano1=        2015  mes1=          11  dia1=          28  hora1=          12
 Read CPTEC GRIB field   400  33 at 11/28/2015    12 GMT
 ano1=        2015  mes1=          11  dia1=          28  hora1=          12
 Read CPTEC GRIB field   300  33 at 11/28/2015    12 GMT
 ano1=        2015  mes1=          11  dia1=          28  hora1=          12
 Read CPTEC GRIB field   250  33 at 11/28/2015    12 GMT
 ano1=        2015  mes1=          11  dia1=          28  hora1=          12
 Read CPTEC GRIB field   200  33 at 11/28/2015    12 GMT
 ano1=        2015  mes1=          11  dia1=          28  hora1=          12
 Read CPTEC GRIB field   150  33 at 11/28/2015    12 GMT
 ano1=        2015  mes1=          11  dia1=          28  hora1=          12
 Read CPTEC GRIB field   100  33 at 11/28/2015    12 GMT
 ano1=        2015  mes1=          11  dia1=          28  hora1=          12
 Read CPTEC GRIB field    70  33 at 11/28/2015    12 GMT
 ano1=        2015  mes1=          11  dia1=          28  hora1=          12
 Read CPTEC GRIB field    50  33 at 11/28/2015    12 GMT
 ano1=        2015  mes1=          11  dia1=          28  hora1=          12
 Read CPTEC GRIB field    30  33 at 11/28/2015    12 GMT
 ano1=        2015  mes1=          11  dia1=          28  hora1=          12
 Read CPTEC GRIB field  1000  34 at 11/28/2015    12 GMT
 ano1=        2015  mes1=          11  dia1=          28  hora1=          12
 Read CPTEC GRIB field   925  34 at 11/28/2015    12 GMT
 ano1=        2015  mes1=          11  dia1=          28  hora1=          12
 Read CPTEC GRIB field   850  34 at 11/28/2015    12 GMT
 ano1=        2015  mes1=          11  dia1=          28  hora1=          12
 Read CPTEC GRIB field   700  34 at 11/28/2015    12 GMT
 ano1=        2015  mes1=          11  dia1=          28  hora1=          12
 Read CPTEC GRIB field   500  34 at 11/28/2015    12 GMT
 ano1=        2015  mes1=          11  dia1=          28  hora1=          12
 Read CPTEC GRIB field   400  34 at 11/28/2015    12 GMT
 ano1=        2015  mes1=          11  dia1=          28  hora1=          12
 Read CPTEC GRIB field   300  34 at 11/28/2015    12 GMT
 ano1=        2015  mes1=          11  dia1=          28  hora1=          12
 Read CPTEC GRIB field   250  34 at 11/28/2015    12 GMT
 ano1=        2015  mes1=          11  dia1=          28  hora1=          12
 Read CPTEC GRIB field   200  34 at 11/28/2015    12 GMT
 ano1=        2015  mes1=          11  dia1=          28  hora1=          12
 Read CPTEC GRIB field   150  34 at 11/28/2015    12 GMT
 ano1=        2015  mes1=          11  dia1=          28  hora1=          12
 Read CPTEC GRIB field   100  34 at 11/28/2015    12 GMT
 ano1=        2015  mes1=          11  dia1=          28  hora1=          12
 Read CPTEC GRIB field    70  34 at 11/28/2015    12 GMT
 ano1=        2015  mes1=          11  dia1=          28  hora1=          12
 Read CPTEC GRIB field    50  34 at 11/28/2015    12 GMT
 ano1=        2015  mes1=          11  dia1=          28  hora1=          12
 Read CPTEC GRIB field    30  34 at 11/28/2015    12 GMT
 ano1=        2015  mes1=          11  dia1=          28  hora1=          12
 Read CPTEC GRIB field  1000   7 at 11/28/2015    12 GMT
 ano1=        2015  mes1=          11  dia1=          28  hora1=          12
 Read CPTEC GRIB field   925   7 at 11/28/2015    12 GMT
 ano1=        2015  mes1=          11  dia1=          28  hora1=          12
 Read CPTEC GRIB field   850   7 at 11/28/2015    12 GMT
 ano1=        2015  mes1=          11  dia1=          28  hora1=          12
 Read CPTEC GRIB field   700   7 at 11/28/2015    12 GMT
 ano1=        2015  mes1=          11  dia1=          28  hora1=          12
 Read CPTEC GRIB field   500   7 at 11/28/2015    12 GMT
 ano1=        2015  mes1=          11  dia1=          28  hora1=          12
 Read CPTEC GRIB field   400   7 at 11/28/2015    12 GMT
 ano1=        2015  mes1=          11  dia1=          28  hora1=          12
 Read CPTEC GRIB field   300   7 at 11/28/2015    12 GMT
 ano1=        2015  mes1=          11  dia1=          28  hora1=          12
 Read CPTEC GRIB field   250   7 at 11/28/2015    12 GMT
 ano1=        2015  mes1=          11  dia1=          28  hora1=          12
 Read CPTEC GRIB field   200   7 at 11/28/2015    12 GMT
 ano1=        2015  mes1=          11  dia1=          28  hora1=          12
 Read CPTEC GRIB field   150   7 at 11/28/2015    12 GMT
 ano1=        2015  mes1=          11  dia1=          28  hora1=          12
 Read CPTEC GRIB field   100   7 at 11/28/2015    12 GMT
 ano1=        2015  mes1=          11  dia1=          28  hora1=          12
 Read CPTEC GRIB field    70   7 at 11/28/2015    12 GMT
 ano1=        2015  mes1=          11  dia1=          28  hora1=          12
 Read CPTEC GRIB field    50   7 at 11/28/2015    12 GMT
 ano1=        2015  mes1=          11  dia1=          28  hora1=          12
 Read CPTEC GRIB field    30   7 at 11/28/2015    12 GMT
 ano1=        2015  mes1=          11  dia1=          28  hora1=          12
 Read CPTEC GRIB field  1000  11 at 11/28/2015    12 GMT
 ano1=        2015  mes1=          11  dia1=          28  hora1=          12
 Read CPTEC GRIB field   925  11 at 11/28/2015    12 GMT
 ano1=        2015  mes1=          11  dia1=          28  hora1=          12
 Read CPTEC GRIB field   850  11 at 11/28/2015    12 GMT
 ano1=        2015  mes1=          11  dia1=          28  hora1=          12
 Read CPTEC GRIB field   700  11 at 11/28/2015    12 GMT
 ano1=        2015  mes1=          11  dia1=          28  hora1=          12
 Read CPTEC GRIB field   500  11 at 11/28/2015    12 GMT
 ano1=        2015  mes1=          11  dia1=          28  hora1=          12
 Read CPTEC GRIB field   400  11 at 11/28/2015    12 GMT
 ano1=        2015  mes1=          11  dia1=          28  hora1=          12
 Read CPTEC GRIB field   300  11 at 11/28/2015    12 GMT
 ano1=        2015  mes1=          11  dia1=          28  hora1=          12
 Read CPTEC GRIB field   250  11 at 11/28/2015    12 GMT
 ano1=        2015  mes1=          11  dia1=          28  hora1=          12
 Read CPTEC GRIB field   200  11 at 11/28/2015    12 GMT
 ano1=        2015  mes1=          11  dia1=          28  hora1=          12
 Read CPTEC GRIB field   150  11 at 11/28/2015    12 GMT
 ano1=        2015  mes1=          11  dia1=          28  hora1=          12
 Read CPTEC GRIB field   100  11 at 11/28/2015    12 GMT
 ano1=        2015  mes1=          11  dia1=          28  hora1=          12
 Read CPTEC GRIB field    70  11 at 11/28/2015    12 GMT
 ano1=        2015  mes1=          11  dia1=          28  hora1=          12
 Read CPTEC GRIB field    50  11 at 11/28/2015    12 GMT
 ano1=        2015  mes1=          11  dia1=          28  hora1=          12
 Read CPTEC GRIB field    30  11 at 11/28/2015    12 GMT
 ano1=        2015  mes1=          11  dia1=          28  hora1=          12
 Read CPTEC GRIB field  1000  52 at 11/28/2015    12 GMT
 ano1=        2015  mes1=          11  dia1=          28  hora1=          12
 Read CPTEC GRIB field   925  52 at 11/28/2015    12 GMT
 ano1=        2015  mes1=          11  dia1=          28  hora1=          12
 Read CPTEC GRIB field   850  52 at 11/28/2015    12 GMT
 ano1=        2015  mes1=          11  dia1=          28  hora1=          12
 Read CPTEC GRIB field   700  52 at 11/28/2015    12 GMT
 ano1=        2015  mes1=          11  dia1=          28  hora1=          12
 Read CPTEC GRIB field   500  52 at 11/28/2015    12 GMT
 ano1=        2015  mes1=          11  dia1=          28  hora1=          12
 Read CPTEC GRIB field   400  52 at 11/28/2015    12 GMT
 ano1=        2015  mes1=          11  dia1=          28  hora1=          12
 Read CPTEC GRIB field   300  52 at 11/28/2015    12 GMT
 ano1=        2015  mes1=          11  dia1=          28  hora1=          12
 Read CPTEC GRIB field   250  52 at 11/28/2015    12 GMT
 ano1=        2015  mes1=          11  dia1=          28  hora1=          12
 Read CPTEC GRIB field   200  52 at 11/28/2015    12 GMT
 ano1=        2015  mes1=          11  dia1=          28  hora1=          12
 Read CPTEC GRIB field   150  52 at 11/28/2015    12 GMT
 ano1=        2015  mes1=          11  dia1=          28  hora1=          12
 Read CPTEC GRIB field   100  52 at 11/28/2015    12 GMT
 ano1=        2015  mes1=          11  dia1=          28  hora1=          12
 Read CPTEC GRIB field    70  52 at 11/28/2015    12 GMT
 ano1=        2015  mes1=          11  dia1=          28  hora1=          12
 Read CPTEC GRIB field    50  52 at 11/28/2015    12 GMT
 ano1=        2015  mes1=          11  dia1=          28  hora1=          12
 Read CPTEC GRIB field    30  52 at 11/28/2015    12 GMT


Writing pressure file on unit 11 .
  Filename - dp2015-11-28-1200                       
 ELON=    80.6250000    
 TNLAT=    39.1535034    




   *****  Pressure file written *************

        Date (year,month,day,hour)  -        2015         11         28         12
        Lon-lat bounds              - -120.000  80.625 -89.284  39.154
        Grid spacing (degrees)      -    0.938   0.938
        Number of X,Y points        -   215  138
        Number of pressure levels   -    14
        Pressure levels  (mb)       - 
                                 1000  925  850  700  500  400  300  250  200  150  100   70   50   30


 ----------------------------------------------------------------------
  Converting binary Grib file to ASCII Grib file
 ----------------------------------------------------------------------


gribin   : Open ./GAMRAMS20151128002015112818P.fct.TQ0126L028.grb
gribin   : EOF encountered in ./GAMRAMS20151128002015112818P.fct.TQ0126L028.grb
readgrib : NORMAL EXIT
 File:            4
 ano=        2015  mes=          11  dia=          28  hora=          18
 ano=        2015  mes=          11  dia=          28  hora=          18




 **********************************************************************
  Access coarse resolution pressure data GAMRAMS
 **********************************************************************




 GRIB Variable Code
    02   =  Pressure reduced to MSL 
    33   =  u component of wind 
    34   =  v component of wind 
    07   =  Geopotential height 
    11   =  Temperature 
    52   =  Relative Humidity 


 ano1=        2015  mes1=          11  dia1=          28  hora1=          18
 Read CPTEC GRIB field     0   2 at 11/28/2015    18 GMT
 ano1=        2015  mes1=          11  dia1=          28  hora1=          18
 Read CPTEC GRIB field  1000  33 at 11/28/2015    18 GMT
 ano1=        2015  mes1=          11  dia1=          28  hora1=          18
 Read CPTEC GRIB field   925  33 at 11/28/2015    18 GMT
 ano1=        2015  mes1=          11  dia1=          28  hora1=          18
 Read CPTEC GRIB field   850  33 at 11/28/2015    18 GMT
 ano1=        2015  mes1=          11  dia1=          28  hora1=          18
 Read CPTEC GRIB field   700  33 at 11/28/2015    18 GMT
 ano1=        2015  mes1=          11  dia1=          28  hora1=          18
 Read CPTEC GRIB field   500  33 at 11/28/2015    18 GMT
 ano1=        2015  mes1=          11  dia1=          28  hora1=          18
 Read CPTEC GRIB field   400  33 at 11/28/2015    18 GMT
 ano1=        2015  mes1=          11  dia1=          28  hora1=          18
 Read CPTEC GRIB field   300  33 at 11/28/2015    18 GMT
 ano1=        2015  mes1=          11  dia1=          28  hora1=          18
 Read CPTEC GRIB field   250  33 at 11/28/2015    18 GMT
 ano1=        2015  mes1=          11  dia1=          28  hora1=          18
 Read CPTEC GRIB field   200  33 at 11/28/2015    18 GMT
 ano1=        2015  mes1=          11  dia1=          28  hora1=          18
 Read CPTEC GRIB field   150  33 at 11/28/2015    18 GMT
 ano1=        2015  mes1=          11  dia1=          28  hora1=          18
 Read CPTEC GRIB field   100  33 at 11/28/2015    18 GMT
 ano1=        2015  mes1=          11  dia1=          28  hora1=          18
 Read CPTEC GRIB field    70  33 at 11/28/2015    18 GMT
 ano1=        2015  mes1=          11  dia1=          28  hora1=          18
 Read CPTEC GRIB field    50  33 at 11/28/2015    18 GMT
 ano1=        2015  mes1=          11  dia1=          28  hora1=          18
 Read CPTEC GRIB field    30  33 at 11/28/2015    18 GMT
 ano1=        2015  mes1=          11  dia1=          28  hora1=          18
 Read CPTEC GRIB field  1000  34 at 11/28/2015    18 GMT
 ano1=        2015  mes1=          11  dia1=          28  hora1=          18
 Read CPTEC GRIB field   925  34 at 11/28/2015    18 GMT
 ano1=        2015  mes1=          11  dia1=          28  hora1=          18
 Read CPTEC GRIB field   850  34 at 11/28/2015    18 GMT
 ano1=        2015  mes1=          11  dia1=          28  hora1=          18
 Read CPTEC GRIB field   700  34 at 11/28/2015    18 GMT
 ano1=        2015  mes1=          11  dia1=          28  hora1=          18
 Read CPTEC GRIB field   500  34 at 11/28/2015    18 GMT
 ano1=        2015  mes1=          11  dia1=          28  hora1=          18
 Read CPTEC GRIB field   400  34 at 11/28/2015    18 GMT
 ano1=        2015  mes1=          11  dia1=          28  hora1=          18
 Read CPTEC GRIB field   300  34 at 11/28/2015    18 GMT
 ano1=        2015  mes1=          11  dia1=          28  hora1=          18
 Read CPTEC GRIB field   250  34 at 11/28/2015    18 GMT
 ano1=        2015  mes1=          11  dia1=          28  hora1=          18
 Read CPTEC GRIB field   200  34 at 11/28/2015    18 GMT
 ano1=        2015  mes1=          11  dia1=          28  hora1=          18
 Read CPTEC GRIB field   150  34 at 11/28/2015    18 GMT
 ano1=        2015  mes1=          11  dia1=          28  hora1=          18
 Read CPTEC GRIB field   100  34 at 11/28/2015    18 GMT
 ano1=        2015  mes1=          11  dia1=          28  hora1=          18
 Read CPTEC GRIB field    70  34 at 11/28/2015    18 GMT
 ano1=        2015  mes1=          11  dia1=          28  hora1=          18
 Read CPTEC GRIB field    50  34 at 11/28/2015    18 GMT
 ano1=        2015  mes1=          11  dia1=          28  hora1=          18
 Read CPTEC GRIB field    30  34 at 11/28/2015    18 GMT
 ano1=        2015  mes1=          11  dia1=          28  hora1=          18
 Read CPTEC GRIB field  1000   7 at 11/28/2015    18 GMT
 ano1=        2015  mes1=          11  dia1=          28  hora1=          18
 Read CPTEC GRIB field   925   7 at 11/28/2015    18 GMT
 ano1=        2015  mes1=          11  dia1=          28  hora1=          18
 Read CPTEC GRIB field   850   7 at 11/28/2015    18 GMT
 ano1=        2015  mes1=          11  dia1=          28  hora1=          18
 Read CPTEC GRIB field   700   7 at 11/28/2015    18 GMT
 ano1=        2015  mes1=          11  dia1=          28  hora1=          18
 Read CPTEC GRIB field   500   7 at 11/28/2015    18 GMT
 ano1=        2015  mes1=          11  dia1=          28  hora1=          18
 Read CPTEC GRIB field   400   7 at 11/28/2015    18 GMT
 ano1=        2015  mes1=          11  dia1=          28  hora1=          18
 Read CPTEC GRIB field   300   7 at 11/28/2015    18 GMT
 ano1=        2015  mes1=          11  dia1=          28  hora1=          18
 Read CPTEC GRIB field   250   7 at 11/28/2015    18 GMT
 ano1=        2015  mes1=          11  dia1=          28  hora1=          18
 Read CPTEC GRIB field   200   7 at 11/28/2015    18 GMT
 ano1=        2015  mes1=          11  dia1=          28  hora1=          18
 Read CPTEC GRIB field   150   7 at 11/28/2015    18 GMT
 ano1=        2015  mes1=          11  dia1=          28  hora1=          18
 Read CPTEC GRIB field   100   7 at 11/28/2015    18 GMT
 ano1=        2015  mes1=          11  dia1=          28  hora1=          18
 Read CPTEC GRIB field    70   7 at 11/28/2015    18 GMT
 ano1=        2015  mes1=          11  dia1=          28  hora1=          18
 Read CPTEC GRIB field    50   7 at 11/28/2015    18 GMT
 ano1=        2015  mes1=          11  dia1=          28  hora1=          18
 Read CPTEC GRIB field    30   7 at 11/28/2015    18 GMT
 ano1=        2015  mes1=          11  dia1=          28  hora1=          18
 Read CPTEC GRIB field  1000  11 at 11/28/2015    18 GMT
 ano1=        2015  mes1=          11  dia1=          28  hora1=          18
 Read CPTEC GRIB field   925  11 at 11/28/2015    18 GMT
 ano1=        2015  mes1=          11  dia1=          28  hora1=          18
 Read CPTEC GRIB field   850  11 at 11/28/2015    18 GMT
 ano1=        2015  mes1=          11  dia1=          28  hora1=          18
 Read CPTEC GRIB field   700  11 at 11/28/2015    18 GMT
 ano1=        2015  mes1=          11  dia1=          28  hora1=          18
 Read CPTEC GRIB field   500  11 at 11/28/2015    18 GMT
 ano1=        2015  mes1=          11  dia1=          28  hora1=          18
 Read CPTEC GRIB field   400  11 at 11/28/2015    18 GMT
 ano1=        2015  mes1=          11  dia1=          28  hora1=          18
 Read CPTEC GRIB field   300  11 at 11/28/2015    18 GMT
 ano1=        2015  mes1=          11  dia1=          28  hora1=          18
 Read CPTEC GRIB field   250  11 at 11/28/2015    18 GMT
 ano1=        2015  mes1=          11  dia1=          28  hora1=          18
 Read CPTEC GRIB field   200  11 at 11/28/2015    18 GMT
 ano1=        2015  mes1=          11  dia1=          28  hora1=          18
 Read CPTEC GRIB field   150  11 at 11/28/2015    18 GMT
 ano1=        2015  mes1=          11  dia1=          28  hora1=          18
 Read CPTEC GRIB field   100  11 at 11/28/2015    18 GMT
 ano1=        2015  mes1=          11  dia1=          28  hora1=          18
 Read CPTEC GRIB field    70  11 at 11/28/2015    18 GMT
 ano1=        2015  mes1=          11  dia1=          28  hora1=          18
 Read CPTEC GRIB field    50  11 at 11/28/2015    18 GMT
 ano1=        2015  mes1=          11  dia1=          28  hora1=          18
 Read CPTEC GRIB field    30  11 at 11/28/2015    18 GMT
 ano1=        2015  mes1=          11  dia1=          28  hora1=          18
 Read CPTEC GRIB field  1000  52 at 11/28/2015    18 GMT
 ano1=        2015  mes1=          11  dia1=          28  hora1=          18
 Read CPTEC GRIB field   925  52 at 11/28/2015    18 GMT
 ano1=        2015  mes1=          11  dia1=          28  hora1=          18
 Read CPTEC GRIB field   850  52 at 11/28/2015    18 GMT
 ano1=        2015  mes1=          11  dia1=          28  hora1=          18
 Read CPTEC GRIB field   700  52 at 11/28/2015    18 GMT
 ano1=        2015  mes1=          11  dia1=          28  hora1=          18
 Read CPTEC GRIB field   500  52 at 11/28/2015    18 GMT
 ano1=        2015  mes1=          11  dia1=          28  hora1=          18
 Read CPTEC GRIB field   400  52 at 11/28/2015    18 GMT
 ano1=        2015  mes1=          11  dia1=          28  hora1=          18
 Read CPTEC GRIB field   300  52 at 11/28/2015    18 GMT
 ano1=        2015  mes1=          11  dia1=          28  hora1=          18
 Read CPTEC GRIB field   250  52 at 11/28/2015    18 GMT
 ano1=        2015  mes1=          11  dia1=          28  hora1=          18
 Read CPTEC GRIB field   200  52 at 11/28/2015    18 GMT
 ano1=        2015  mes1=          11  dia1=          28  hora1=          18
 Read CPTEC GRIB field   150  52 at 11/28/2015    18 GMT
 ano1=        2015  mes1=          11  dia1=          28  hora1=          18
 Read CPTEC GRIB field   100  52 at 11/28/2015    18 GMT
 ano1=        2015  mes1=          11  dia1=          28  hora1=          18
 Read CPTEC GRIB field    70  52 at 11/28/2015    18 GMT
 ano1=        2015  mes1=          11  dia1=          28  hora1=          18
 Read CPTEC GRIB field    50  52 at 11/28/2015    18 GMT
 ano1=        2015  mes1=          11  dia1=          28  hora1=          18
 Read CPTEC GRIB field    30  52 at 11/28/2015    18 GMT


Writing pressure file on unit 11 .
  Filename - dp2015-11-28-1800                       
 ELON=    80.6250000    
 TNLAT=    39.1535034    




   *****  Pressure file written *************

        Date (year,month,day,hour)  -        2015         11         28         18
        Lon-lat bounds              - -120.000  80.625 -89.284  39.154
        Grid spacing (degrees)      -    0.938   0.938
        Number of X,Y points        -   215  138
        Number of pressure levels   -    14
        Pressure levels  (mb)       - 
                                 1000  925  850  700  500  400  300  250  200  150  100   70   50   30


 ----------------------------------------------------------------------
  Converting binary Grib file to ASCII Grib file
 ----------------------------------------------------------------------


gribin   : Open ./GAMRAMS20151128002015112900P.fct.TQ0126L028.grb
gribin   : EOF encountered in ./GAMRAMS20151128002015112900P.fct.TQ0126L028.grb
readgrib : NORMAL EXIT
 File:            5
 ano=        2015  mes=          11  dia=          29  hora=           0
 ano=        2015  mes=          11  dia=          29  hora=           0




 **********************************************************************
  Access coarse resolution pressure data GAMRAMS
 **********************************************************************




 GRIB Variable Code
    02   =  Pressure reduced to MSL 
    33   =  u component of wind 
    34   =  v component of wind 
    07   =  Geopotential height 
    11   =  Temperature 
    52   =  Relative Humidity 


 ano1=        2015  mes1=          11  dia1=          29  hora1=           0
 Read CPTEC GRIB field     0   2 at 11/29/2015     0 GMT
 ano1=        2015  mes1=          11  dia1=          29  hora1=           0
 Read CPTEC GRIB field  1000  33 at 11/29/2015     0 GMT
 ano1=        2015  mes1=          11  dia1=          29  hora1=           0
 Read CPTEC GRIB field   925  33 at 11/29/2015     0 GMT
 ano1=        2015  mes1=          11  dia1=          29  hora1=           0
 Read CPTEC GRIB field   850  33 at 11/29/2015     0 GMT
 ano1=        2015  mes1=          11  dia1=          29  hora1=           0
 Read CPTEC GRIB field   700  33 at 11/29/2015     0 GMT
 ano1=        2015  mes1=          11  dia1=          29  hora1=           0
 Read CPTEC GRIB field   500  33 at 11/29/2015     0 GMT
 ano1=        2015  mes1=          11  dia1=          29  hora1=           0
 Read CPTEC GRIB field   400  33 at 11/29/2015     0 GMT
 ano1=        2015  mes1=          11  dia1=          29  hora1=           0
 Read CPTEC GRIB field   300  33 at 11/29/2015     0 GMT
 ano1=        2015  mes1=          11  dia1=          29  hora1=           0
 Read CPTEC GRIB field   250  33 at 11/29/2015     0 GMT
 ano1=        2015  mes1=          11  dia1=          29  hora1=           0
 Read CPTEC GRIB field   200  33 at 11/29/2015     0 GMT
 ano1=        2015  mes1=          11  dia1=          29  hora1=           0
 Read CPTEC GRIB field   150  33 at 11/29/2015     0 GMT
 ano1=        2015  mes1=          11  dia1=          29  hora1=           0
 Read CPTEC GRIB field   100  33 at 11/29/2015     0 GMT
 ano1=        2015  mes1=          11  dia1=          29  hora1=           0
 Read CPTEC GRIB field    70  33 at 11/29/2015     0 GMT
 ano1=        2015  mes1=          11  dia1=          29  hora1=           0
 Read CPTEC GRIB field    50  33 at 11/29/2015     0 GMT
 ano1=        2015  mes1=          11  dia1=          29  hora1=           0
 Read CPTEC GRIB field    30  33 at 11/29/2015     0 GMT
 ano1=        2015  mes1=          11  dia1=          29  hora1=           0
 Read CPTEC GRIB field  1000  34 at 11/29/2015     0 GMT
 ano1=        2015  mes1=          11  dia1=          29  hora1=           0
 Read CPTEC GRIB field   925  34 at 11/29/2015     0 GMT
 ano1=        2015  mes1=          11  dia1=          29  hora1=           0
 Read CPTEC GRIB field   850  34 at 11/29/2015     0 GMT
 ano1=        2015  mes1=          11  dia1=          29  hora1=           0
 Read CPTEC GRIB field   700  34 at 11/29/2015     0 GMT
 ano1=        2015  mes1=          11  dia1=          29  hora1=           0
 Read CPTEC GRIB field   500  34 at 11/29/2015     0 GMT
 ano1=        2015  mes1=          11  dia1=          29  hora1=           0
 Read CPTEC GRIB field   400  34 at 11/29/2015     0 GMT
 ano1=        2015  mes1=          11  dia1=          29  hora1=           0
 Read CPTEC GRIB field   300  34 at 11/29/2015     0 GMT
 ano1=        2015  mes1=          11  dia1=          29  hora1=           0
 Read CPTEC GRIB field   250  34 at 11/29/2015     0 GMT
 ano1=        2015  mes1=          11  dia1=          29  hora1=           0
 Read CPTEC GRIB field   200  34 at 11/29/2015     0 GMT
 ano1=        2015  mes1=          11  dia1=          29  hora1=           0
 Read CPTEC GRIB field   150  34 at 11/29/2015     0 GMT
 ano1=        2015  mes1=          11  dia1=          29  hora1=           0
 Read CPTEC GRIB field   100  34 at 11/29/2015     0 GMT
 ano1=        2015  mes1=          11  dia1=          29  hora1=           0
 Read CPTEC GRIB field    70  34 at 11/29/2015     0 GMT
 ano1=        2015  mes1=          11  dia1=          29  hora1=           0
 Read CPTEC GRIB field    50  34 at 11/29/2015     0 GMT
 ano1=        2015  mes1=          11  dia1=          29  hora1=           0
 Read CPTEC GRIB field    30  34 at 11/29/2015     0 GMT
 ano1=        2015  mes1=          11  dia1=          29  hora1=           0
 Read CPTEC GRIB field  1000   7 at 11/29/2015     0 GMT
 ano1=        2015  mes1=          11  dia1=          29  hora1=           0
 Read CPTEC GRIB field   925   7 at 11/29/2015     0 GMT
 ano1=        2015  mes1=          11  dia1=          29  hora1=           0
 Read CPTEC GRIB field   850   7 at 11/29/2015     0 GMT
 ano1=        2015  mes1=          11  dia1=          29  hora1=           0
 Read CPTEC GRIB field   700   7 at 11/29/2015     0 GMT
 ano1=        2015  mes1=          11  dia1=          29  hora1=           0
 Read CPTEC GRIB field   500   7 at 11/29/2015     0 GMT
 ano1=        2015  mes1=          11  dia1=          29  hora1=           0
 Read CPTEC GRIB field   400   7 at 11/29/2015     0 GMT
 ano1=        2015  mes1=          11  dia1=          29  hora1=           0
 Read CPTEC GRIB field   300   7 at 11/29/2015     0 GMT
 ano1=        2015  mes1=          11  dia1=          29  hora1=           0
 Read CPTEC GRIB field   250   7 at 11/29/2015     0 GMT
 ano1=        2015  mes1=          11  dia1=          29  hora1=           0
 Read CPTEC GRIB field   200   7 at 11/29/2015     0 GMT
 ano1=        2015  mes1=          11  dia1=          29  hora1=           0
 Read CPTEC GRIB field   150   7 at 11/29/2015     0 GMT
 ano1=        2015  mes1=          11  dia1=          29  hora1=           0
 Read CPTEC GRIB field   100   7 at 11/29/2015     0 GMT
 ano1=        2015  mes1=          11  dia1=          29  hora1=           0
 Read CPTEC GRIB field    70   7 at 11/29/2015     0 GMT
 ano1=        2015  mes1=          11  dia1=          29  hora1=           0
 Read CPTEC GRIB field    50   7 at 11/29/2015     0 GMT
 ano1=        2015  mes1=          11  dia1=          29  hora1=           0
 Read CPTEC GRIB field    30   7 at 11/29/2015     0 GMT
 ano1=        2015  mes1=          11  dia1=          29  hora1=           0
 Read CPTEC GRIB field  1000  11 at 11/29/2015     0 GMT
 ano1=        2015  mes1=          11  dia1=          29  hora1=           0
 Read CPTEC GRIB field   925  11 at 11/29/2015     0 GMT
 ano1=        2015  mes1=          11  dia1=          29  hora1=           0
 Read CPTEC GRIB field   850  11 at 11/29/2015     0 GMT
 ano1=        2015  mes1=          11  dia1=          29  hora1=           0
 Read CPTEC GRIB field   700  11 at 11/29/2015     0 GMT
 ano1=        2015  mes1=          11  dia1=          29  hora1=           0
 Read CPTEC GRIB field   500  11 at 11/29/2015     0 GMT
 ano1=        2015  mes1=          11  dia1=          29  hora1=           0
 Read CPTEC GRIB field   400  11 at 11/29/2015     0 GMT
 ano1=        2015  mes1=          11  dia1=          29  hora1=           0
 Read CPTEC GRIB field   300  11 at 11/29/2015     0 GMT
 ano1=        2015  mes1=          11  dia1=          29  hora1=           0
 Read CPTEC GRIB field   250  11 at 11/29/2015     0 GMT
 ano1=        2015  mes1=          11  dia1=          29  hora1=           0
 Read CPTEC GRIB field   200  11 at 11/29/2015     0 GMT
 ano1=        2015  mes1=          11  dia1=          29  hora1=           0
 Read CPTEC GRIB field   150  11 at 11/29/2015     0 GMT
 ano1=        2015  mes1=          11  dia1=          29  hora1=           0
 Read CPTEC GRIB field   100  11 at 11/29/2015     0 GMT
 ano1=        2015  mes1=          11  dia1=          29  hora1=           0
 Read CPTEC GRIB field    70  11 at 11/29/2015     0 GMT
 ano1=        2015  mes1=          11  dia1=          29  hora1=           0
 Read CPTEC GRIB field    50  11 at 11/29/2015     0 GMT
 ano1=        2015  mes1=          11  dia1=          29  hora1=           0
 Read CPTEC GRIB field    30  11 at 11/29/2015     0 GMT
 ano1=        2015  mes1=          11  dia1=          29  hora1=           0
 Read CPTEC GRIB field  1000  52 at 11/29/2015     0 GMT
 ano1=        2015  mes1=          11  dia1=          29  hora1=           0
 Read CPTEC GRIB field   925  52 at 11/29/2015     0 GMT
 ano1=        2015  mes1=          11  dia1=          29  hora1=           0
 Read CPTEC GRIB field   850  52 at 11/29/2015     0 GMT
 ano1=        2015  mes1=          11  dia1=          29  hora1=           0
 Read CPTEC GRIB field   700  52 at 11/29/2015     0 GMT
 ano1=        2015  mes1=          11  dia1=          29  hora1=           0
 Read CPTEC GRIB field   500  52 at 11/29/2015     0 GMT
 ano1=        2015  mes1=          11  dia1=          29  hora1=           0
 Read CPTEC GRIB field   400  52 at 11/29/2015     0 GMT
 ano1=        2015  mes1=          11  dia1=          29  hora1=           0
 Read CPTEC GRIB field   300  52 at 11/29/2015     0 GMT
 ano1=        2015  mes1=          11  dia1=          29  hora1=           0
 Read CPTEC GRIB field   250  52 at 11/29/2015     0 GMT
 ano1=        2015  mes1=          11  dia1=          29  hora1=           0
 Read CPTEC GRIB field   200  52 at 11/29/2015     0 GMT
 ano1=        2015  mes1=          11  dia1=          29  hora1=           0
 Read CPTEC GRIB field   150  52 at 11/29/2015     0 GMT
 ano1=        2015  mes1=          11  dia1=          29  hora1=           0
 Read CPTEC GRIB field   100  52 at 11/29/2015     0 GMT
 ano1=        2015  mes1=          11  dia1=          29  hora1=           0
 Read CPTEC GRIB field    70  52 at 11/29/2015     0 GMT
 ano1=        2015  mes1=          11  dia1=          29  hora1=           0
 Read CPTEC GRIB field    50  52 at 11/29/2015     0 GMT
 ano1=        2015  mes1=          11  dia1=          29  hora1=           0
 Read CPTEC GRIB field    30  52 at 11/29/2015     0 GMT


Writing pressure file on unit 11 .
  Filename - dp2015-11-29-0000                       
 ELON=    80.6250000    
 TNLAT=    39.1535034    




   *****  Pressure file written *************

        Date (year,month,day,hour)  -        2015         11         29          0
        Lon-lat bounds              - -120.000  80.625 -89.284  39.154
        Grid spacing (degrees)      -    0.938   0.938
        Number of X,Y points        -   215  138
        Number of pressure levels   -    14
        Pressure levels  (mb)       - 
                                 1000  925  850  700  500  400  300  250  200  150  100   70   50   30
